{
  "RSpec": {
    "coverage": {
      "C:/Users/jeff/Documents/GitHub/thirteen-seasons/config/environment.rb": {
        "lines": [
          null,
          1,
          null,
          null,
          1
        ],
        "branches": {}
      },
      "C:/Users/jeff/Documents/GitHub/thirteen-seasons/config/application.rb": {
        "lines": [
          1,
          null,
          1,
          null,
          null,
          null,
          1,
          null,
          1,
          1,
          null,
          1,
          null,
          null,
          null,
          null,
          1,
          null,
          null,
          null,
          null,
          null,
          null,
          null,
          null,
          null,
          null
        ],
        "branches": {}
      },
      "C:/Users/jeff/Documents/GitHub/thirteen-seasons/config/boot.rb": {
        "lines": [
          1,
          null,
          1,
          1
        ],
        "branches": {}
      },
      "C:/Users/jeff/Documents/GitHub/thirteen-seasons/config/environments/test.rb": {
        "lines": [
          null,
          null,
          null,
          null,
          null,
          1,
          null,
          null,
          null,
          1,
          null,
          null,
          null,
          null,
          null,
          1,
          null,
          null,
          1,
          null,
          null,
          1,
          1,
          null,
          null,
          1,
          null,
          null,
          1,
          null,
          null,
          1,
          null,
          null,
          null,
          null,
          1,
          null,
          null,
          1,
          null,
          null,
          1,
          null,
          null,
          null,
          null,
          null,
          null,
          null,
          null,
          1,
          null
        ],
        "branches": {}
      },
      "C:/Users/jeff/Documents/GitHub/thirteen-seasons/config/initializers/assets.rb": {
        "lines": [
          null,
          null,
          null,
          1,
          null,
          null,
          null
        ],
        "branches": {}
      },
      "C:/Users/jeff/Documents/GitHub/thirteen-seasons/config/initializers/content_security_policy.rb": {
        "lines": [
          null,
          null,
          null,
          null,
          null,
          null,
          null,
          null,
          null,
          null,
          null,
          null,
          null,
          null,
          null,
          null,
          null,
          null,
          null,
          null,
          null,
          null,
          null,
          null,
          null
        ],
        "branches": {}
      },
      "C:/Users/jeff/Documents/GitHub/thirteen-seasons/config/initializers/filter_parameter_logging.rb": {
        "lines": [
          null,
          null,
          null,
          null,
          null,
          1,
          null,
          null
        ],
        "branches": {}
      },
      "C:/Users/jeff/Documents/GitHub/thirteen-seasons/config/initializers/inflections.rb": {
        "lines": [
          null,
          null,
          null,
          null,
          null,
          null,
          null,
          null,
          null,
          null,
          null,
          null,
          null,
          null,
          null,
          null
        ],
        "branches": {}
      },
      "C:/Users/jeff/Documents/GitHub/thirteen-seasons/app/helpers/application_helper.rb": {
        "lines": [
          1,
          null
        ],
        "branches": {}
      },
      "C:/Users/jeff/Documents/GitHub/thirteen-seasons/app/helpers/health_helper.rb": {
        "lines": [
          1,
          null
        ],
        "branches": {}
      },
      "C:/Users/jeff/Documents/GitHub/thirteen-seasons/app/helpers/weather_helper.rb": {
        "lines": [
          1,
          null
        ],
        "branches": {}
      },
      "C:/Users/jeff/Documents/GitHub/thirteen-seasons/app/controllers/weather_controller.rb": {
        "lines": [
          1,
          1,
          8,
          null,
          8,
          5,
          2,
          null,
          3,
          3,
          3,
          null,
          null,
          null,
          null,
          1,
          null,
          1,
          8,
          null,
          null
        ],
        "branches": {
          "[:if, 0, 5, 4, 13, 7]": {
            "[:then, 1, 6, 6, 12, 9]": 5,
            "[:else, 2, 5, 4, 13, 7]": 3
          },
          "[:if, 3, 6, 6, 12, 9]": {
            "[:then, 4, 7, 8, 7, 54]": 2,
            "[:else, 5, 9, 8, 11, 84]": 3
          }
        }
      },
      "C:/Users/jeff/Documents/GitHub/thirteen-seasons/app/controllers/application_controller.rb": {
        "lines": [
          1,
          null,
          1,
          null
        ],
        "branches": {}
      },
      "C:/Users/jeff/Documents/GitHub/thirteen-seasons/app/services/geolocation_service.rb": {
        "lines": [
          1,
          1,
          5,
          null,
          null,
          1,
          4,
          null,
          null
        ],
        "branches": {}
      },
      "C:/Users/jeff/Documents/GitHub/thirteen-seasons/config/routes.rb": {
        "lines": [
          1,
          null,
          null,
          null,
          null,
          1,
          null,
          null,
          null,
          null,
          null,
          null,
          1,
          null,
          1,
          null
        ],
        "branches": {}
      },
      "C:/Users/jeff/Documents/GitHub/thirteen-seasons/app/adapters/google_maps_adapter.rb": {
        "lines": [
          1,
          null,
          null,
          null,
          null,
          null,
          null,
          null,
          null,
          null,
          null,
          null,
          null,
          null,
          null,
          null,
          null,
          null,
          null,
          null,
          null,
          null,
          null,
          null,
          null,
          null,
          null,
          null,
          null,
          null,
          null,
          null,
          null,
          null,
          null,
          null,
          null,
          null,
          null,
          null,
          null,
          null,
          null,
          null,
          null,
          null,
          null,
          null,
          null,
          null,
          null,
          null,
          null,
          null,
          null,
          null,
          null,
          null,
          null,
          null,
          null,
          null,
          null,
          null,
          null,
          null,
          null,
          null,
          null,
          null,
          null,
          null,
          null,
          null,
          null,
          null,
          null,
          null,
          null,
          null,
          null,
          null,
          null,
          null,
          null,
          null,
          null,
          null,
          null,
          null,
          null,
          null,
          null,
          null,
          null,
          null,
          null,
          null,
          null,
          null,
          1,
          1,
          3,
          3,
          null,
          null,
          1,
          2,
          2,
          2,
          null,
          2,
          2,
          2,
          2,
          2,
          2,
          2,
          2,
          2,
          2,
          null,
          null,
          2,
          null,
          null,
          1,
          null,
          1,
          12,
          54,
          null,
          null,
          null,
          null
        ],
        "branches": {
          "[:if, 0, 109, 4, 122, 7]": {
            "[:then, 1, 110, 6, 121, 75]": 2,
            "[:else, 2, 109, 4, 122, 7]": 0
          },
          "[:if, 3, 131, 6, 131, 70]": {
            "[:then, 4, 131, 6, 131, 34]": 12,
            "[:else, 5, 131, 6, 131, 70]": 42
          }
        }
      },
      "C:/Users/jeff/Documents/GitHub/thirteen-seasons/app/models/address.rb": {
        "lines": [
          1,
          1,
          1,
          null,
          1,
          null
        ],
        "branches": {}
      }
    },
    "timestamp": 1742869452
  }
}
